TN:
SF:/Users/jonathanhughes/AI/tools/static_embed_tool/src/cli/config.rs
FN:45,<impl Default for ServerConfig>::default
FN:58,<impl Default for AuthConfig>::default
FN:67,<impl Default for ModelConfig>::default
FN:77,<impl Default for LoggingConfig>::default
FN:86,handle_config_command
FN:98,handle_embed_command
FN:116,handle_batch_command
FN:144,show_config
FN:180,set_config
FN:256,reset_config
FN:280,show_config_path
FN:293,get_config_path
FN:305,load_config
FN:317,save_config
FNF:14
FNDA:8,<impl Default for ServerConfig>::default
FNDA:8,<impl Default for AuthConfig>::default
FNDA:8,<impl Default for ModelConfig>::default
FNDA:8,<impl Default for LoggingConfig>::default
FNDA:2,handle_config_command
FNDA:1,handle_embed_command
FNDA:2,handle_batch_command
FNDA:4,show_config
FNDA:5,set_config
FNDA:0,reset_config
FNDA:4,show_config_path
FNDA:24,get_config_path
FNDA:12,load_config
FNDA:4,save_config
DA:45,8
DA:48,24
DA:49,8
DA:58,8
DA:67,8
DA:77,8
DA:79,16
DA:86,2
DA:90,2
DA:91,1
DA:92,0
DA:93,0
DA:94,2
DA:98,1
DA:102,2
DA:103,2
DA:104,5
DA:105,2
DA:106,2
DA:107,2
DA:108,2
DA:109,2
DA:110,2
DA:111,4
DA:113,1
DA:116,2
DA:120,4
DA:121,6
DA:123,3
DA:127,10
DA:128,4
DA:129,4
DA:130,4
DA:133,2
DA:134,1
DA:138,2
DA:139,2
DA:141,1
DA:144,4
DA:145,6
DA:146,2
DA:164,0
DA:172,0
DA:180,5
DA:184,25
DA:187,20
DA:188,15
DA:190,5
DA:191,6
DA:192,1
DA:194,0
DA:195,0
DA:197,0
DA:198,0
DA:200,0
DA:201,0
DA:203,0
DA:204,0
DA:206,0
DA:207,0
DA:209,5
DA:210,1
DA:212,0
DA:213,0
DA:215,3
DA:216,0
DA:218,0
DA:219,0
DA:221,0
DA:222,0
DA:224,5
DA:225,7
DA:226,1
DA:228,1
DA:232,0
DA:233,0
DA:235,0
DA:236,0
DA:239,1
DA:250,3
DA:251,3
DA:256,0
DA:257,0
DA:260,0
DA:262,0
DA:264,0
DA:265,0
DA:267,0
DA:268,0
DA:269,0
DA:271,0
DA:274,0
DA:277,0
DA:280,4
DA:281,6
DA:284,1
DA:285,1
DA:287,1
DA:293,24
DA:294,25
DA:298,46
DA:299,23
DA:300,23
DA:305,12
DA:306,36
DA:309,7
DA:312,15
DA:313,5
DA:317,4
DA:318,12
DA:321,4
DA:322,0
DA:325,8
DA:326,0
DA:327,4
LF:115
LH:76
end_of_record
TN:
SF:/Users/jonathanhughes/AI/tools/static_embed_tool/src/cli/mod.rs
FN:65,ServerAction::augment_subcommands
FN:97,ServerAction::from_arg_matches
FN:161,StartArgs::augment_args
FN:234,StartArgs::from_arg_matches
FN:250,validate_models
FN:263,validate_model_name
FN:397,run_cli
FNF:7
FNDA:0,ServerAction::augment_subcommands
FNDA:0,ServerAction::from_arg_matches
FNDA:0,StartArgs::augment_args
FNDA:0,StartArgs::from_arg_matches
FNDA:6,validate_models
FNDA:5,validate_model_name
FNDA:0,run_cli
DA:65,0
DA:66,0
DA:68,0
DA:69,0
DA:70,0
DA:71,0
DA:72,0
DA:73,0
DA:74,0
DA:77,0
DA:78,0
DA:79,0
DA:82,0
DA:83,0
DA:84,0
DA:87,0
DA:88,0
DA:89,0
DA:90,0
DA:91,0
DA:92,0
DA:93,0
DA:97,0
DA:98,0
DA:99,0
DA:100,0
DA:101,0
DA:103,0
DA:104,0
DA:105,0
DA:106,0
DA:107,0
DA:109,0
DA:110,0
DA:111,0
DA:161,0
DA:162,0
DA:164,0
DA:165,0
DA:166,0
DA:167,0
DA:168,0
DA:169,0
DA:172,0
DA:173,0
DA:174,0
DA:175,0
DA:176,0
DA:179,0
DA:180,0
DA:181,0
DA:182,0
DA:185,0
DA:186,0
DA:187,0
DA:188,0
DA:189,0
DA:192,0
DA:193,0
DA:194,0
DA:195,0
DA:196,0
DA:197,0
DA:200,0
DA:201,0
DA:202,0
DA:203,0
DA:206,0
DA:207,0
DA:208,0
DA:209,0
DA:212,0
DA:213,0
DA:214,0
DA:215,0
DA:218,0
DA:219,0
DA:220,0
DA:223,0
DA:224,0
DA:225,0
DA:228,0
DA:229,0
DA:230,0
DA:234,0
DA:235,0
DA:236,0
DA:237,0
DA:238,0
DA:239,0
DA:240,0
DA:241,0
DA:242,0
DA:243,0
DA:244,0
DA:245,0
DA:246,0
DA:250,6
DA:251,12
DA:252,2
DA:254,44
DA:256,1
DA:258,3
DA:263,5
DA:264,10
DA:265,2
DA:267,3
DA:397,0
DA:398,0
DA:401,0
DA:402,0
DA:403,0
DA:406,0
DA:407,0
DA:411,0
DA:412,0
DA:413,0
DA:415,0
DA:416,0
DA:418,0
DA:419,0
DA:421,0
DA:422,0
DA:424,0
DA:425,0
LF:125
LH:10
end_of_record
TN:
SF:/Users/jonathanhughes/AI/tools/static_embed_tool/src/cli/models.rs
FN:24,handle_model_command
FN:38,list_models
FN:66,download_model
FN:106,distill_model
FN:153,remove_model
FN:193,update_model
FN:220,show_model_info
FN:276,get_models_dir
FN:284,get_registry_path
FN:292,load_model_registry
FN:306,save_model_registry
FN:319,get_directory_size
FN:338,<impl Default for ModelRegistry>::default
FNF:13
FNDA:0,handle_model_command
FNDA:2,list_models
FNDA:2,download_model
FNDA:0,distill_model
FNDA:0,remove_model
FNDA:2,update_model
FNDA:4,show_model_info
FNDA:4,get_models_dir
FNDA:12,get_registry_path
FNDA:7,load_model_registry
FNDA:2,save_model_registry
FNDA:3,get_directory_size
FNDA:1,<impl Default for ModelRegistry>::default
DA:24,0
DA:28,0
DA:29,0
DA:30,0
DA:31,0
DA:32,0
DA:33,0
DA:34,0
DA:38,2
DA:39,2
DA:42,2
DA:43,1
DA:50,0
DA:51,0
DA:52,0
DA:66,2
DA:67,3
DA:68,2
DA:71,0
DA:72,0
DA:73,0
DA:79,0
DA:83,1
DA:100,0
DA:101,1
DA:106,0
DA:107,0
DA:108,0
DA:109,0
DA:111,0
DA:114,0
DA:115,0
DA:116,0
DA:125,0
DA:126,0
DA:131,0
DA:136,0
DA:147,0
DA:148,0
DA:153,0
DA:154,0
DA:156,0
DA:158,0
DA:160,0
DA:162,0
DA:163,0
DA:165,0
DA:166,0
DA:172,0
DA:174,0
DA:175,0
DA:177,0
DA:182,0
DA:183,0
DA:185,0
DA:187,0
DA:190,0
DA:193,2
DA:194,2
DA:196,0
DA:198,0
DA:199,0
DA:201,0
DA:203,0
DA:204,0
DA:206,0
DA:207,0
DA:209,0
DA:210,0
DA:214,1
DA:220,4
DA:221,4
DA:223,0
DA:229,0
DA:233,0
DA:239,0
DA:245,0
DA:246,0
DA:248,0
DA:252,2
DA:253,2
DA:254,0
DA:255,0
DA:256,0
DA:257,0
DA:258,0
DA:260,3
DA:261,3
DA:262,3
DA:263,3
DA:264,3
DA:265,1
DA:267,1
DA:268,1
DA:276,4
DA:277,8
DA:278,4
DA:279,4
DA:284,12
DA:285,24
DA:286,12
DA:287,12
DA:292,7
DA:293,14
DA:296,6
DA:297,6
DA:301,3
DA:302,1
DA:306,2
DA:307,4
DA:310,2
DA:311,0
DA:314,4
DA:315,0
DA:316,2
DA:319,3
DA:320,3
DA:321,2
DA:322,2
DA:323,2
DA:324,2
DA:329,1
DA:330,3
DA:333,1
DA:338,1
DA:340,1
LF:126
LH:54
end_of_record
TN:
SF:/Users/jonathanhughes/AI/tools/static_embed_tool/src/cli/server.rs
FN:9,handle_server_command
FN:28,validate_start_args
FN:51,handle_start_server
FN:71,start_foreground
FN:138,start_daemon
FN:185,stop_server
FN:209,show_status
FN:238,is_server_running
FN:257,is_process_running
FN:263,find_server_by_port
FN:280,terminate_process
FNF:11
FNDA:0,handle_server_command
FNDA:6,validate_start_args
FNDA:2,handle_start_server
FNDA:0,start_foreground
FNDA:0,start_daemon
FNDA:2,stop_server
FNDA:2,show_status
FNDA:2,is_server_running
FNDA:2,is_process_running
FNDA:8,find_server_by_port
FNDA:1,terminate_process
DA:9,0
DA:13,0
DA:14,0
DA:15,0
DA:16,0
DA:17,0
DA:18,0
DA:19,0
DA:21,0
DA:23,0
DA:28,6
DA:30,6
DA:33,18
DA:34,18
DA:37,1
DA:41,1
DA:42,1
DA:43,1
DA:44,1
DA:48,1
DA:51,2
DA:56,6
DA:59,0
DA:60,0
DA:61,0
DA:65,0
DA:67,0
DA:71,0
DA:72,0
DA:73,0
DA:74,0
DA:75,0
DA:77,0
DA:81,0
DA:82,0
DA:85,0
DA:86,0
DA:89,0
DA:92,0
DA:95,0
DA:96,0
DA:99,0
DA:102,0
DA:104,0
DA:119,0
DA:121,0
DA:122,0
DA:124,0
DA:125,0
DA:128,0
DA:129,0
DA:130,0
DA:131,0
DA:135,0
DA:138,0
DA:139,0
DA:141,0
DA:142,0
DA:143,0
DA:159,0
DA:164,0
DA:165,0
DA:169,0
DA:177,0
DA:179,0
DA:185,2
DA:186,2
DA:188,1
DA:190,1
DA:191,0
DA:192,0
DA:194,1
DA:196,1
DA:199,0
DA:200,0
DA:202,0
DA:203,0
DA:205,0
DA:209,2
DA:210,2
DA:212,1
DA:213,0
DA:214,0
DA:216,0
DA:217,0
DA:220,0
DA:221,0
DA:224,0
DA:225,0
DA:228,1
DA:232,1
DA:235,1
DA:238,2
DA:239,2
DA:241,1
DA:242,0
DA:243,0
DA:245,0
DA:248,0
DA:254,2
DA:257,2
DA:258,4
DA:259,8
DA:260,8
DA:263,8
DA:266,12
DA:267,8
DA:270,0
DA:271,0
DA:272,0
DA:277,4
DA:280,1
DA:284,1
DA:295,1
LF:114
LH:39
end_of_record
TN:
SF:/Users/jonathanhughes/AI/tools/static_embed_tool/src/logs/mod.rs
FN:6,init_logging_and_metrics
FNF:1
FNDA:3,init_logging_and_metrics
DA:6,3
DA:8,3
DA:10,2
DA:11,2
DA:13,2
DA:14,3
DA:16,2
DA:17,2
DA:18,1
DA:23,2
DA:24,2
DA:36,3
DA:38,6
DA:39,6
DA:40,6
DA:42,6
DA:44,6
DA:45,6
DA:46,6
DA:47,6
DA:49,6
DA:50,6
DA:51,6
DA:52,6
DA:53,6
DA:54,6
DA:56,6
DA:57,6
DA:58,6
DA:59,6
DA:60,6
DA:62,3
LF:32
LH:32
end_of_record
TN:
SF:/Users/jonathanhughes/AI/tools/static_embed_tool/src/main.rs
FN:4,main
FNF:1
FNDA:0,main
DA:4,0
DA:5,0
LF:2
LH:0
end_of_record
TN:
SF:/Users/jonathanhughes/AI/tools/static_embed_tool/src/resources/mod.rs
FN:21,ResourceProvider::meta
FN:35,ResourceProvider::read
FN:46,<impl ResourceProvider for InstructionsResource>::uri
FN:50,<impl ResourceProvider for InstructionsResource>::name
FN:54,<impl ResourceProvider for InstructionsResource>::mime_type
FN:58,<impl ResourceProvider for InstructionsResource>::description
FN:62,<impl ResourceProvider for InstructionsResource>::content
FN:72,ResourceRegistry::get_providers
FN:77,ResourceRegistry::find_by_uri
FN:83,list_resources
FN:90,read_resource
FNF:11
FNDA:2,ResourceProvider::meta
FNDA:2,ResourceProvider::read
FNDA:11,<impl ResourceProvider for InstructionsResource>::uri
FNDA:5,<impl ResourceProvider for InstructionsResource>::name
FNDA:3,<impl ResourceProvider for InstructionsResource>::mime_type
FNDA:3,<impl ResourceProvider for InstructionsResource>::description
FNDA:5,<impl ResourceProvider for InstructionsResource>::content
FNDA:6,ResourceRegistry::get_providers
FNDA:4,ResourceRegistry::find_by_uri
FNDA:1,list_resources
FNDA:2,read_resource
DA:21,2
DA:22,4
DA:24,4
DA:25,6
DA:26,6
DA:27,4
DA:28,4
DA:29,4
DA:30,2
DA:32,6
DA:35,2
DA:37,10
DA:46,11
DA:47,11
DA:50,5
DA:51,5
DA:54,3
DA:55,3
DA:58,3
DA:59,3
DA:62,5
DA:63,10
DA:72,6
DA:73,12
DA:77,4
DA:78,16
DA:83,1
DA:84,1
DA:86,3
DA:90,2
DA:91,8
LF:31
LH:31
end_of_record
TN:
SF:/Users/jonathanhughes/AI/tools/static_embed_tool/src/server/api.rs
FN:87,embeddings_handler
FN:226,models_handler
FN:249,unsupported_handler
FN:267,create_api_router
FNF:4
FNDA:8,embeddings_handler
FNDA:1,models_handler
FNDA:2,unsupported_handler
FNDA:3,create_api_router
DA:87,8
DA:93,16
DA:95,1
DA:102,1
DA:107,1
DA:114,1
DA:117,18
DA:118,20
DA:131,4
DA:133,2
DA:136,3
DA:137,6
DA:140,1
DA:141,0
DA:158,3
DA:160,6
DA:166,0
DA:170,0
DA:173,0
DA:176,0
DA:177,0
DA:179,0
DA:180,0
DA:181,0
DA:182,0
DA:183,0
DA:197,0
DA:205,8
DA:206,4
DA:207,4
DA:226,1
DA:229,3
DA:230,1
DA:231,4
DA:232,4
DA:234,2
DA:235,2
DA:237,1
DA:242,1
DA:243,2
DA:244,1
DA:249,2
DA:251,1
DA:259,1
DA:267,3
DA:268,3
DA:270,9
DA:271,9
DA:274,9
DA:275,9
DA:278,9
DA:279,9
DA:280,9
DA:281,9
DA:282,9
DA:283,9
DA:284,9
LF:57
LH:45
end_of_record
TN:
SF:/Users/jonathanhughes/AI/tools/static_embed_tool/src/server/api_keys.rs
FN:87,ApiKeyManager::new
FN:97,ApiKeyManager::generate_api_key
FN:168,ApiKeyManager::validate_api_key
FN:220,ApiKeyManager::list_api_keys
FN:255,ApiKeyManager::revoke_api_key
FN:296,api_key_auth_middleware
FN:352,register_api_key
FN:366,list_api_keys
FN:379,revoke_api_key
FN:394,create_registration_router
FN:403,create_api_key_management_router
FN:414,sha256::digest
FNF:12
FNDA:5,ApiKeyManager::new
FNDA:4,ApiKeyManager::generate_api_key
FNDA:6,ApiKeyManager::validate_api_key
FNDA:0,ApiKeyManager::list_api_keys
FNDA:2,ApiKeyManager::revoke_api_key
FNDA:0,api_key_auth_middleware
FNDA:0,register_api_key
FNDA:0,list_api_keys
FNDA:0,revoke_api_key
FNDA:4,create_registration_router
FNDA:3,create_api_key_management_router
FNDA:5,sha256::digest
DA:87,5
DA:88,15
DA:89,15
DA:91,0
DA:92,5
DA:93,5
DA:97,4
DA:98,6
DA:101,4
DA:102,4
DA:103,6
DA:104,12
DA:107,6
DA:109,6
DA:110,2
DA:115,6
DA:116,6
DA:117,0
DA:118,0
DA:122,6
DA:123,6
DA:124,6
DA:127,6
DA:130,2
DA:134,8
DA:135,2
DA:136,0
DA:138,0
DA:141,4
DA:143,0
DA:145,2
DA:149,0
DA:168,6
DA:169,9
DA:172,15
DA:173,2
DA:174,4
DA:175,1
DA:177,8
DA:180,2
DA:181,2
DA:182,4
DA:183,0
DA:186,8
DA:187,4
DA:191,1
DA:195,3
DA:196,3
DA:197,1
DA:201,1
DA:204,4
DA:205,2
DA:207,0
DA:213,0
DA:220,0
DA:221,0
DA:223,0
DA:224,0
DA:225,0
DA:230,0
DA:231,0
DA:232,0
DA:234,0
DA:235,0
DA:236,0
DA:255,2
DA:256,2
DA:258,0
DA:259,0
DA:260,0
DA:264,1
DA:266,0
DA:269,1
DA:271,0
DA:272,0
DA:273,0
DA:280,0
DA:281,0
DA:282,0
DA:283,0
DA:287,1
DA:288,1
DA:290,0
DA:296,0
DA:301,0
DA:303,0
DA:309,0
DA:310,0
DA:311,0
DA:312,0
DA:313,0
DA:314,0
DA:316,0
DA:320,0
DA:321,0
DA:325,0
DA:333,0
DA:336,0
DA:340,0
DA:352,0
DA:356,0
DA:357,0
DA:358,0
DA:359,0
DA:360,0
DA:366,0
DA:369,0
DA:379,0
DA:383,0
DA:384,0
DA:385,0
DA:386,0
DA:389,0
DA:394,4
DA:395,4
DA:396,12
DA:398,1
DA:403,3
DA:404,3
DA:405,9
DA:406,9
DA:414,5
DA:415,10
DA:416,15
DA:417,15
DA:419,10
DA:420,170
DA:423,5
LF:128
LH:65
end_of_record
TN:
SF:/Users/jonathanhughes/AI/tools/static_embed_tool/src/server/errors.rs
FN:40,AppError::error_type
FN:56,AppError::code
FNF:2
FNDA:11,AppError::error_type
FNDA:7,AppError::code
DA:40,11
DA:41,11
DA:42,1
DA:43,1
DA:44,1
DA:45,1
DA:46,1
DA:47,1
DA:48,1
DA:49,1
DA:50,1
DA:51,1
DA:52,1
DA:56,7
DA:57,7
DA:58,1
DA:59,1
DA:60,1
DA:61,1
DA:62,3
LF:20
LH:20
end_of_record
TN:
SF:/Users/jonathanhughes/AI/tools/static_embed_tool/src/server/http.rs
FN:4,health
FNF:1
FNDA:2,health
DA:4,2
DA:5,1
LF:2
LH:2
end_of_record
TN:
SF:/Users/jonathanhughes/AI/tools/static_embed_tool/src/server/limit.rs
FN:36,<impl KeyExtractor for RobustIpKeyExtractor>::extract
FN:99,create_rate_limit_layer
FN:117,ApiKeyRateLimiter::new
FN:123,ApiKeyRateLimiter::get_or_create_limiter
FN:145,api_key_rate_limit_middleware
FNF:5
FNDA:5,<impl KeyExtractor for RobustIpKeyExtractor>::extract
FNDA:1,create_rate_limit_layer
FNDA:5,ApiKeyRateLimiter::new
FNDA:8,ApiKeyRateLimiter::get_or_create_limiter
FNDA:0,api_key_rate_limit_middleware
DA:36,5
DA:38,5
DA:39,0
DA:40,0
DA:43,10
DA:46,8
DA:47,7
DA:48,7
DA:49,9
DA:50,4
DA:51,4
DA:52,7
DA:54,8
DA:55,3
DA:56,3
DA:57,6
DA:59,7
DA:60,2
DA:61,2
DA:62,2
DA:64,7
DA:65,2
DA:66,2
DA:67,2
DA:69,7
DA:70,2
DA:71,2
DA:72,2
DA:74,7
DA:75,2
DA:76,2
DA:77,2
DA:79,7
DA:80,2
DA:81,2
DA:82,2
DA:84,8
DA:85,0
DA:86,0
DA:89,3
DA:90,0
DA:91,0
DA:94,1
DA:95,1
DA:99,1
DA:101,5
DA:102,3
DA:103,2
DA:104,1
DA:109,2
DA:117,5
DA:119,10
DA:123,8
DA:125,8
DA:126,9
DA:131,9
DA:132,6
DA:133,12
DA:134,12
DA:135,15
DA:136,12
DA:138,6
DA:139,18
DA:141,3
DA:145,0
DA:149,0
DA:150,0
DA:152,0
DA:161,0
DA:162,0
DA:164,0
DA:165,0
DA:166,0
DA:172,0
DA:173,0
DA:174,0
DA:176,0
DA:177,0
DA:178,0
DA:179,0
DA:180,0
DA:181,0
DA:183,0
LF:83
LH:58
end_of_record
TN:
SF:/Users/jonathanhughes/AI/tools/static_embed_tool/src/server/mod.rs
FN:52,embeddings_handler
FNF:1
FNDA:5,embeddings_handler
DA:52,5
DA:58,10
DA:59,10
DA:60,7
DA:62,24
DA:65,5
DA:68,15
DA:70,10
DA:73,5
DA:74,12
DA:75,12
DA:76,6
DA:81,5
DA:82,5
DA:84,27
DA:85,27
LF:16
LH:16
end_of_record
TN:
SF:/Users/jonathanhughes/AI/tools/static_embed_tool/src/server/start.rs
FN:58,handle_double_ctrl_c
FN:85,start_server
FN:114,create_tls_acceptor
FN:145,start_stdio_server
FN:151,start_unix_server
FN:247,start_http_server
FNF:6
FNDA:2,handle_double_ctrl_c
FNDA:4,start_server
FNDA:1,create_tls_acceptor
FNDA:2,start_stdio_server
FNDA:0,start_unix_server
FNDA:2,start_http_server
DA:58,2
DA:59,2
DA:60,3
DA:63,2
DA:64,2
DA:65,0
DA:66,0
DA:67,0
DA:68,0
DA:69,0
DA:70,0
DA:74,4
DA:75,1
DA:76,0
DA:77,0
DA:85,4
DA:87,2
DA:89,0
DA:90,0
DA:96,0
DA:97,0
DA:99,6
DA:101,1
DA:103,0
DA:105,0
DA:107,1
DA:108,1
DA:114,1
DA:118,2
DA:119,1
DA:120,4
DA:121,0
DA:123,0
DA:125,0
DA:127,0
DA:129,0
DA:132,0
DA:134,0
DA:137,0
DA:140,0
DA:145,2
DA:147,1
DA:151,0
DA:153,0
DA:154,0
DA:158,0
DA:160,0
DA:162,0
DA:163,0
DA:164,0
DA:165,0
DA:166,0
DA:170,0
DA:173,0
DA:174,0
DA:181,0
DA:188,0
DA:200,0
DA:203,0
DA:204,0
DA:205,0
DA:206,0
DA:208,0
DA:209,0
DA:211,0
DA:212,0
DA:215,0
DA:220,0
DA:221,0
DA:223,0
DA:225,0
DA:227,0
DA:230,0
DA:232,0
DA:235,0
DA:238,0
DA:239,0
DA:247,2
DA:250,1
DA:251,1
DA:252,1
DA:253,1
DA:254,1
DA:255,1
DA:256,1
DA:257,1
DA:258,1
DA:260,1
DA:262,4
DA:264,1
DA:266,1
DA:271,0
DA:274,2
DA:275,1
DA:276,4
DA:279,0
DA:281,0
DA:286,0
DA:289,0
DA:292,0
DA:296,0
DA:297,0
DA:298,0
DA:300,0
DA:301,0
DA:302,0
DA:303,0
DA:307,0
DA:318,0
DA:324,0
DA:336,0
DA:342,0
DA:347,0
DA:348,0
DA:349,0
DA:352,0
DA:356,0
DA:357,0
DA:358,0
DA:359,0
DA:360,0
DA:364,0
DA:365,0
DA:366,0
DA:367,0
DA:369,0
DA:370,0
DA:373,0
DA:375,0
DA:376,0
DA:384,0
DA:397,0
DA:398,0
DA:399,0
DA:400,0
DA:401,0
DA:403,0
DA:405,0
DA:407,0
DA:408,0
DA:409,0
DA:410,0
DA:411,0
DA:412,0
DA:413,0
DA:414,0
DA:416,0
DA:422,0
DA:424,0
DA:429,0
DA:430,0
DA:431,0
DA:432,0
DA:436,0
LF:154
LH:36
end_of_record
TN:
SF:/Users/jonathanhughes/AI/tools/static_embed_tool/src/server/start_simple.rs
FN:15,start_http_server
FN:59,health_check
FNF:2
FNDA:0,start_http_server
FNDA:2,health_check
DA:15,0
DA:20,0
DA:23,0
DA:24,0
DA:27,0
DA:46,0
DA:47,0
DA:49,0
DA:53,0
DA:55,0
DA:59,2
DA:60,1
LF:12
LH:2
end_of_record
TN:
SF:/Users/jonathanhughes/AI/tools/static_embed_tool/src/server/state.rs
FN:17,<impl Model for StaticModel>::encode
FN:33,AppState::new
FNF:2
FNDA:0,<impl Model for StaticModel>::encode
FNDA:6,AppState::new
DA:17,0
DA:20,0
DA:33,6
DA:34,3
DA:36,6
DA:37,9
DA:38,9
DA:39,9
DA:42,9
DA:44,12
DA:45,27
DA:46,27
DA:47,27
DA:48,18
DA:49,45
DA:50,21
DA:51,18
DA:56,9
DA:58,9
DA:60,21
DA:61,9
DA:62,6
DA:63,0
DA:66,3
DA:67,3
DA:69,0
DA:70,0
DA:75,6
DA:76,0
DA:80,6
DA:82,0
DA:85,0
LF:32
LH:24
end_of_record
TN:
SF:/Users/jonathanhughes/AI/tools/static_embed_tool/src/tools/mod.rs
FN:82,EmbeddingService::new
FN:93,EmbeddingService::initialize_connection
FN:569,EmbeddingService::load_model
FNF:3
FNDA:2,EmbeddingService::new
FNDA:2,EmbeddingService::initialize_connection
FNDA:0,EmbeddingService::load_model
DA:82,2
DA:83,2
DA:86,6
DA:87,2
DA:93,2
DA:96,1
DA:97,1
DA:569,0
DA:570,0
DA:574,0
DA:577,0
DA:579,0
DA:580,0
DA:582,0
DA:585,0
DA:588,0
LF:16
LH:7
end_of_record
TN:
SF:/Users/jonathanhughes/AI/tools/static_embed_tool/src/utils/mod.rs
FN:2,generate_connection_id
FN:13,format_duration
FN:50,distill
FN:141,calculate_total
FNF:4
FNDA:2,generate_connection_id
FNDA:7,format_duration
FNDA:0,distill
FNDA:5,calculate_total
DA:2,2
DA:4,6
DA:5,2
DA:8,4
DA:9,4
DA:13,7
DA:14,21
DA:15,21
DA:17,7
DA:18,4
DA:19,5
DA:20,2
DA:21,4
DA:22,4
DA:23,4
DA:24,4
DA:26,2
DA:50,0
DA:59,0
DA:61,0
DA:62,0
DA:63,0
DA:65,0
DA:69,0
DA:71,0
DA:75,0
DA:76,0
DA:77,0
DA:79,0
DA:80,0
DA:81,0
DA:84,0
DA:87,0
DA:88,0
DA:89,0
DA:90,0
DA:93,0
DA:96,0
DA:97,0
DA:104,0
DA:118,0
DA:119,0
DA:122,0
DA:132,0
DA:133,0
DA:134,0
DA:137,0
DA:138,0
DA:141,5
DA:142,15
LF:50
LH:19
end_of_record
